  Cards.cpp
  City.cpp
  Deck.cpp
c:\users\baras\documents\cpp code\comp345w19-master\deck.cpp(53): warning C4244: 'argument': conversion from 'time_t' to 'unsigned int', possible loss of data
c:\users\baras\documents\cpp code\comp345w19-master\deck.cpp(55): warning C4267: 'initializing': conversion from 'size_t' to 'int', possible loss of data
  CardCreationDriver.cpp
  GameDriver.cpp
  GameMapDriver.cpp
  GameMapLoaderDriver.cpp
  GameSetupDriver.cpp
  MarketPlaceDriver.cpp
  ResourcesLoaderDriver.cpp
  Tester.cpp
  House.cpp
  GameMapCustomizer.cpp
  Money.cpp
  Player.cpp
  PowerPlant.cpp
  PowerPlantCard.cpp
  Step3Card.cpp
  SummaryCard.cpp
  Generating Code...
  GameMap.cpp
c:\users\baras\documents\cpp code\comp345w19-master\gamemap.cpp(43): warning C4267: 'initializing': conversion from 'size_t' to 'int', possible loss of data
  comp345w19.vcxproj -> C:\Users\baras\Documents\CPP code\comp345w19-master\x64\Debug\comp345w19.exe
